0 info it worked if it ends with ok
1 verbose cli [ '/usr/local/bin/node', '/usr/local/bin/npm', 'run', 'build' ]
2 info using npm@4.0.5
3 info using node@v7.4.0
4 verbose run-script [ 'prebuild', 'build', 'postbuild' ]
5 info lifecycle ACME_TECH_SHOPT@1.0.0~prebuild: ACME_TECH_SHOPT@1.0.0
6 silly lifecycle ACME_TECH_SHOPT@1.0.0~prebuild: no script for prebuild, continuing
7 info lifecycle ACME_TECH_SHOPT@1.0.0~build: ACME_TECH_SHOPT@1.0.0
8 verbose lifecycle ACME_TECH_SHOPT@1.0.0~build: unsafe-perm in lifecycle true
9 verbose lifecycle ACME_TECH_SHOPT@1.0.0~build: PATH: /usr/local/lib/node_modules/npm/bin/node-gyp-bin:/Users/guilhermedelucas/dev/acme_tech_shop/node_modules/.bin:/usr/local/bin:/usr/bin:/bin:/usr/sbin:/sbin:/Applications/Postgres.app/Contents/Versions/9.6/bin:/Users/guilhermedelucas/Downloads/redis-3.2.6/src:/usr/local/bin:/usr/bin:/bin:/usr/sbin:/sbin:/Users/guilhermedelucas/mongodb/bin
10 verbose lifecycle ACME_TECH_SHOPT@1.0.0~build: CWD: /Users/guilhermedelucas/dev/acme_tech_shop
11 silly lifecycle ACME_TECH_SHOPT@1.0.0~build: Args: [ '-c',
11 silly lifecycle   'NODE_ENV=production ./webpack.config.js --progress --colors' ]
12 silly lifecycle ACME_TECH_SHOPT@1.0.0~build: Returned: code: 126  signal: null
13 info lifecycle ACME_TECH_SHOPT@1.0.0~build: Failed to exec build script
14 verbose stack Error: ACME_TECH_SHOPT@1.0.0 build: `NODE_ENV=production ./webpack.config.js --progress --colors`
14 verbose stack Exit status 126
14 verbose stack     at EventEmitter.<anonymous> (/usr/local/lib/node_modules/npm/lib/utils/lifecycle.js:279:16)
14 verbose stack     at emitTwo (events.js:106:13)
14 verbose stack     at EventEmitter.emit (events.js:191:7)
14 verbose stack     at ChildProcess.<anonymous> (/usr/local/lib/node_modules/npm/lib/utils/spawn.js:40:14)
14 verbose stack     at emitTwo (events.js:106:13)
14 verbose stack     at ChildProcess.emit (events.js:191:7)
14 verbose stack     at maybeClose (internal/child_process.js:885:16)
14 verbose stack     at Process.ChildProcess._handle.onexit (internal/child_process.js:226:5)
15 verbose pkgid ACME_TECH_SHOPT@1.0.0
16 verbose cwd /Users/guilhermedelucas/dev/acme_tech_shop
17 error Darwin 16.4.0
18 error argv "/usr/local/bin/node" "/usr/local/bin/npm" "run" "build"
19 error node v7.4.0
20 error npm  v4.0.5
21 error code ELIFECYCLE
22 error ACME_TECH_SHOPT@1.0.0 build: `NODE_ENV=production ./webpack.config.js --progress --colors`
22 error Exit status 126
23 error Failed at the ACME_TECH_SHOPT@1.0.0 build script 'NODE_ENV=production ./webpack.config.js --progress --colors'.
23 error Make sure you have the latest version of node.js and npm installed.
23 error If you do, this is most likely a problem with the ACME_TECH_SHOPT package,
23 error not with npm itself.
23 error Tell the author that this fails on your system:
23 error     NODE_ENV=production ./webpack.config.js --progress --colors
23 error You can get information on how to open an issue for this project with:
23 error     npm bugs ACME_TECH_SHOPT
23 error Or if that isn't available, you can get their info via:
23 error     npm owner ls ACME_TECH_SHOPT
23 error There is likely additional logging output above.
24 verbose exit [ 1, true ]
